0 verbose cli /usr/local/bin/node /usr/local/bin/npm
1 info using npm@10.9.2
2 info using node@v22.17.0
3 silly config load:file:/usr/local/lib/node_modules/npm/npmrc
4 silly config load:file:/Users/sachingopalakrishnan/Downloads/REC RESULTS/rec-portal/.npmrc
5 silly config load:file:/Users/sachingopalakrishnan/.npmrc
6 silly config load:file:/usr/local/etc/npmrc
7 verbose title npm install resend browser-image-compression
8 verbose argv "install" "resend" "browser-image-compression"
9 verbose logfile logs-max:10 dir:/Users/sachingopalakrishnan/Downloads/REC RESULTS/rec-portal/.npm-local/_logs/2026-05-24T11_15_23_337Z-
10 verbose logfile /Users/sachingopalakrishnan/Downloads/REC RESULTS/rec-portal/.npm-local/_logs/2026-05-24T11_15_23_337Z-debug-0.log
11 silly logfile start cleaning logs, removing 1 files
12 silly packumentCache heap:4345298944 maxSize:1086324736 maxEntrySize:543162368
13 silly logfile done cleaning log files
14 silly idealTree buildDeps
15 silly fetch manifest resend@*
16 silly packumentCache full:https://registry.npmjs.org/resend cache-miss
17 http fetch GET 200 https://registry.npmjs.org/resend 380ms (cache miss)
18 silly packumentCache full:https://registry.npmjs.org/resend set size:undefined disposed:false
19 silly fetch manifest @react-email/render@*
20 silly packumentCache full:https://registry.npmjs.org/@react-email%2frender cache-miss
21 http fetch GET 200 https://registry.npmjs.org/@react-email%2frender 160ms (cache miss)
22 silly packumentCache full:https://registry.npmjs.org/@react-email%2frender set size:undefined disposed:false
23 silly fetch manifest react@19.2.4
24 silly packumentCache full:https://registry.npmjs.org/react cache-miss
25 http fetch GET 200 https://registry.npmjs.org/react 33ms (cache revalidated)
26 silly packumentCache full:https://registry.npmjs.org/react set size:6650647 disposed:false
27 silly fetch manifest react-dom@19.2.4
28 silly packumentCache full:https://registry.npmjs.org/react-dom cache-miss
29 http fetch GET 200 https://registry.npmjs.org/react-dom 144ms (cache revalidated)
30 silly packumentCache full:https://registry.npmjs.org/react-dom set size:8868827 disposed:false
31 silly fetch manifest browser-image-compression@*
32 silly packumentCache full:https://registry.npmjs.org/browser-image-compression cache-miss
33 http fetch GET 200 https://registry.npmjs.org/browser-image-compression 458ms (cache miss)
34 silly packumentCache full:https://registry.npmjs.org/browser-image-compression set size:undefined disposed:false
35 silly placeDep ROOT browser-image-compression@2.0.2 OK for: rec-portal@0.1.0 want: *
36 silly placeDep ROOT resend@6.12.3 OK for: rec-portal@0.1.0 want: *
37 silly fetch manifest uzip@0.20201231.0
38 silly packumentCache full:https://registry.npmjs.org/uzip cache-miss
39 silly fetch manifest postal-mime@2.7.4
40 silly packumentCache full:https://registry.npmjs.org/postal-mime cache-miss
41 silly fetch manifest svix@1.92.2
42 silly packumentCache full:https://registry.npmjs.org/svix cache-miss
43 http fetch GET 200 https://registry.npmjs.org/svix 257ms (cache miss)
44 silly packumentCache full:https://registry.npmjs.org/svix set size:undefined disposed:false
45 http fetch GET 200 https://registry.npmjs.org/uzip 298ms (cache miss)
46 silly packumentCache full:https://registry.npmjs.org/uzip set size:undefined disposed:false
47 http fetch GET 200 https://registry.npmjs.org/postal-mime 409ms (cache miss)
48 silly packumentCache full:https://registry.npmjs.org/postal-mime set size:undefined disposed:false
49 silly placeDep ROOT uzip@0.20201231.0 OK for: browser-image-compression@2.0.2 want: 0.20201231.0
50 silly placeDep ROOT postal-mime@2.7.4 OK for: resend@6.12.3 want: 2.7.4
51 silly placeDep ROOT svix@1.92.2 OK for: resend@6.12.3 want: 1.92.2
52 silly fetch manifest standardwebhooks@1.0.0
53 silly packumentCache full:https://registry.npmjs.org/standardwebhooks cache-miss
54 http fetch GET 200 https://registry.npmjs.org/standardwebhooks 241ms (cache miss)
55 silly packumentCache full:https://registry.npmjs.org/standardwebhooks set size:undefined disposed:false
56 silly placeDep ROOT standardwebhooks@1.0.0 OK for: svix@1.92.2 want: 1.0.0
57 silly fetch manifest @stablelib/base64@^1.0.0
58 silly packumentCache full:https://registry.npmjs.org/@stablelib%2fbase64 cache-miss
59 silly fetch manifest fast-sha256@^1.3.0
60 silly packumentCache full:https://registry.npmjs.org/fast-sha256 cache-miss
61 http fetch GET 200 https://registry.npmjs.org/@stablelib%2fbase64 49ms (cache miss)
62 silly packumentCache full:https://registry.npmjs.org/@stablelib%2fbase64 set size:undefined disposed:false
63 http fetch GET 200 https://registry.npmjs.org/fast-sha256 50ms (cache miss)
64 silly packumentCache full:https://registry.npmjs.org/fast-sha256 set size:undefined disposed:false
65 silly placeDep ROOT @stablelib/base64@1.0.1 OK for: standardwebhooks@1.0.0 want: ^1.0.0
66 silly placeDep ROOT fast-sha256@1.3.0 OK for: standardwebhooks@1.0.0 want: ^1.3.0
67 silly reify moves {}
68 verbose reify failed optional dependency /Users/sachingopalakrishnan/Downloads/REC RESULTS/rec-portal/node_modules/@tailwindcss/oxide-wasm32-wasi
69 silly reify mark deleted [
69 silly reify   '/Users/sachingopalakrishnan/Downloads/REC RESULTS/rec-portal/node_modules/@tailwindcss/oxide-wasm32-wasi'
69 silly reify ]
70 silly audit bulk request {
70 silly audit   '@alloc/quick-lru': [ '5.2.0' ],
70 silly audit   '@babel/code-frame': [ '7.29.0' ],
70 silly audit   '@babel/compat-data': [ '7.29.3' ],
70 silly audit   '@babel/core': [ '7.29.0' ],
70 silly audit   '@babel/generator': [ '7.29.1' ],
70 silly audit   '@babel/helper-annotate-as-pure': [ '7.27.3' ],
70 silly audit   '@babel/helper-compilation-targets': [ '7.28.6' ],
70 silly audit   '@babel/helper-create-class-features-plugin': [ '7.29.3' ],
70 silly audit   '@babel/helper-globals': [ '7.28.0' ],
70 silly audit   '@babel/helper-member-expression-to-functions': [ '7.28.5' ],
70 silly audit   '@babel/helper-module-imports': [ '7.28.6' ],
70 silly audit   '@babel/helper-module-transforms': [ '7.28.6' ],
70 silly audit   '@babel/helper-optimise-call-expression': [ '7.27.1' ],
70 silly audit   '@babel/helper-plugin-utils': [ '7.28.6' ],
70 silly audit   '@babel/helper-replace-supers': [ '7.28.6' ],
70 silly audit   '@babel/helper-skip-transparent-expression-wrappers': [ '7.27.1' ],
70 silly audit   '@babel/helper-string-parser': [ '7.27.1' ],
70 silly audit   '@babel/helper-validator-identifier': [ '7.28.5' ],
70 silly audit   '@babel/helper-validator-option': [ '7.27.1' ],
70 silly audit   '@babel/helpers': [ '7.29.2' ],
70 silly audit   '@babel/parser': [ '7.29.3' ],
70 silly audit   '@babel/plugin-syntax-jsx': [ '7.28.6' ],
70 silly audit   '@babel/plugin-syntax-typescript': [ '7.28.6' ],
70 silly audit   '@babel/plugin-transform-modules-commonjs': [ '7.28.6' ],
70 silly audit   '@babel/plugin-transform-typescript': [ '7.28.6' ],
70 silly audit   '@babel/preset-typescript': [ '7.28.5' ],
70 silly audit   '@babel/runtime': [ '7.29.2' ],
70 silly audit   '@babel/template': [ '7.28.6' ],
70 silly audit   '@babel/traverse': [ '7.29.0' ],
70 silly audit   '@babel/types': [ '7.29.0' ],
70 silly audit   '@base-ui/react': [ '1.5.0' ],
70 silly audit   '@base-ui/utils': [ '0.2.9' ],
70 silly audit   '@dotenvx/dotenvx': [ '1.67.0' ],
70 silly audit   commander: [ '11.1.0', '14.0.3' ],
70 silly audit   execa: [ '5.1.1', '9.6.1' ],
70 silly audit   fdir: [ '6.5.0' ],
70 silly audit   'get-stream': [ '6.0.1', '9.0.1' ],
70 silly audit   'human-signals': [ '2.1.0', '8.0.1' ],
70 silly audit   'is-stream': [ '2.0.1', '4.0.1' ],
70 silly audit   isexe: [ '3.1.5', '2.0.0' ],
70 silly audit   'npm-run-path': [ '4.0.1', '6.0.0' ],
70 silly audit   onetime: [ '5.1.2', '7.0.0' ],
70 silly audit   picomatch: [ '4.0.4', '2.3.2' ],
70 silly audit   'signal-exit': [ '3.0.7', '4.1.0' ],
70 silly audit   'strip-final-newline': [ '2.0.0', '4.0.0' ],
70 silly audit   which: [ '4.0.0', '2.0.2' ],
70 silly audit   '@ecies/ciphers': [ '0.2.6' ],
70 silly audit   '@emnapi/core': [ '1.10.0' ],
70 silly audit   '@emnapi/runtime': [ '1.10.0' ],
70 silly audit   '@emnapi/wasi-threads': [ '1.2.1' ],
70 silly audit   '@eslint-community/eslint-utils': [ '4.9.1' ],
70 silly audit   'eslint-visitor-keys': [ '3.4.3', '5.0.1', '4.2.1' ],
70 silly audit   '@eslint-community/regexpp': [ '4.12.2' ],
70 silly audit   '@eslint/config-array': [ '0.21.2' ],
70 silly audit   '@eslint/config-helpers': [ '0.4.2' ],
70 silly audit   '@eslint/core': [ '0.17.0' ],
70 silly audit   '@eslint/eslintrc': [ '3.3.5' ],
70 silly audit   '@eslint/js': [ '9.39.4' ],
70 silly audit   '@eslint/object-schema': [ '2.1.7' ],
70 silly audit   '@eslint/plugin-kit': [ '0.4.1' ],
70 silly audit   '@floating-ui/core': [ '1.7.5' ],
70 silly audit   '@floating-ui/dom': [ '1.7.6' ],
70 silly audit   '@floating-ui/react-dom': [ '2.1.8' ],
70 silly audit   '@floating-ui/utils': [ '0.2.11' ],
70 silly audit   '@hono/node-server': [ '1.19.14' ],
70 silly audit   '@humanfs/core': [ '0.19.2' ],
70 silly audit   '@humanfs/node': [ '0.16.8' ],
70 silly audit   '@humanfs/types': [ '0.15.0' ],
70 silly audit   '@humanwhocodes/module-importer': [ '1.0.1' ],
70 silly audit   '@humanwhocodes/retry': [ '0.4.3' ],
70 silly audit   '@img/colour': [ '1.1.0' ],
70 silly audit   '@img/sharp-darwin-arm64': [ '0.34.5' ],
70 silly audit   '@img/sharp-darwin-x64': [ '0.34.5' ],
70 silly audit   '@img/sharp-libvips-darwin-arm64': [ '1.2.4' ],
70 silly audit   '@img/sharp-libvips-darwin-x64': [ '1.2.4' ],
70 silly audit   '@img/sharp-libvips-linux-arm': [ '1.2.4' ],
70 silly audit   '@img/sharp-libvips-linux-arm64': [ '1.2.4' ],
70 silly audit   '@img/sharp-libvips-linux-ppc64': [ '1.2.4' ],
70 silly audit   '@img/sharp-libvips-linux-riscv64': [ '1.2.4' ],
70 silly audit   '@img/sharp-libvips-linux-s390x': [ '1.2.4' ],
70 silly audit   '@img/sharp-libvips-linux-x64': [ '1.2.4' ],
70 silly audit   '@img/sharp-libvips-linuxmusl-arm64': [ '1.2.4' ],
70 silly audit   '@img/sharp-libvips-linuxmusl-x64': [ '1.2.4' ],
70 silly audit   '@img/sharp-linux-arm': [ '0.34.5' ],
70 silly audit   '@img/sharp-linux-arm64': [ '0.34.5' ],
70 silly audit   '@img/sharp-linux-ppc64': [ '0.34.5' ],
70 silly audit   '@img/sharp-linux-riscv64': [ '0.34.5' ],
70 silly audit   '@img/sharp-linux-s390x': [ '0.34.5' ],
70 silly audit   '@img/sharp-linux-x64': [ '0.34.5' ],
70 silly audit   '@img/sharp-linuxmusl-arm64': [ '0.34.5' ],
70 silly audit   '@img/sharp-linuxmusl-x64': [ '0.34.5' ],
70 silly audit   '@img/sharp-wasm32': [ '0.34.5' ],
70 silly audit   '@img/sharp-win32-arm64': [ '0.34.5' ],
70 silly audit   '@img/sharp-win32-ia32': [ '0.34.5' ],
70 silly audit   '@img/sharp-win32-x64': [ '0.34.5' ],
70 silly audit   '@inquirer/ansi': [ '2.0.5' ],
70 silly audit   '@inquirer/confirm': [ '6.0.13' ],
70 silly audit   '@inquirer/core': [ '11.1.10' ],
70 silly audit   '@inquirer/figures': [ '2.0.5' ],
70 silly audit   '@inquirer/type': [ '4.0.5' ],
70 silly audit   '@jridgewell/gen-mapping': [ '0.3.13' ],
70 silly audit   '@jridgewell/remapping': [ '2.3.5' ],
70 silly audit   '@jridgewell/resolve-uri': [ '3.1.2' ],
70 silly audit   '@jridgewell/sourcemap-codec': [ '1.5.5' ],
70 silly audit   '@jridgewell/trace-mapping': [ '0.3.31' ],
70 silly audit   '@modelcontextprotocol/sdk': [ '1.29.0' ],
70 silly audit   ajv: [ '8.20.0', '6.15.0' ],
70 silly audit   'json-schema-traverse': [ '1.0.0', '0.4.1' ],
70 silly audit   '@mswjs/interceptors': [ '0.41.9' ],
70 silly audit   '@open-draft/deferred-promise': [ '2.2.0', '3.0.0' ],
70 silly audit   '@napi-rs/wasm-runtime': [ '1.1.4' ],
70 silly audit   '@next/env': [ '16.2.6' ],
70 silly audit   '@next/eslint-plugin-next': [ '16.2.6' ],
70 silly audit   '@next/swc-darwin-arm64': [ '16.2.6' ],
70 silly audit   '@next/swc-darwin-x64': [ '16.2.6' ],
70 silly audit   '@next/swc-linux-arm64-gnu': [ '16.2.6' ],
70 silly audit   '@next/swc-linux-arm64-musl': [ '16.2.6' ],
70 silly audit   '@next/swc-linux-x64-gnu': [ '16.2.6' ],
70 silly audit   '@next/swc-linux-x64-musl': [ '16.2.6' ],
70 silly audit   '@next/swc-win32-arm64-msvc': [ '16.2.6' ],
70 silly audit   '@next/swc-win32-x64-msvc': [ '16.2.6' ],
70 silly audit   '@noble/ciphers': [ '1.3.0' ],
70 silly audit   '@noble/curves': [ '1.9.7' ],
70 silly audit   '@noble/hashes': [ '1.8.0' ],
70 silly audit   '@nodelib/fs.scandir': [ '2.1.5' ],
70 silly audit   '@nodelib/fs.stat': [ '2.0.5' ],
70 silly audit   '@nodelib/fs.walk': [ '1.2.8' ],
70 silly audit   '@nolyfill/is-core-module': [ '1.0.39' ],
70 silly audit   '@open-draft/logger': [ '0.3.0' ],
70 silly audit   '@open-draft/until': [ '2.1.0' ],
70 silly audit   '@reduxjs/toolkit': [ '2.12.0' ],
70 silly audit   immer: [ '11.1.8', '10.2.0' ],
70 silly audit   '@rtsao/scc': [ '1.1.0' ],
70 silly audit   '@sec-ant/readable-stream': [ '0.4.1' ],
70 silly audit   '@sindresorhus/merge-streams': [ '4.0.0' ],
70 silly audit   '@standard-schema/spec': [ '1.1.0' ],
70 silly audit   '@standard-schema/utils': [ '0.3.0' ],
70 silly audit   '@supabase/auth-js': [ '2.106.1' ],
70 silly audit   '@supabase/functions-js': [ '2.106.1' ],
70 silly audit   '@supabase/phoenix': [ '0.4.2' ],
70 silly audit   '@supabase/postgrest-js': [ '2.106.1' ],
70 silly audit   '@supabase/realtime-js': [ '2.106.1' ],
70 silly audit   '@supabase/ssr': [ '0.10.3' ],
70 silly audit   cookie: [ '1.1.1', '0.7.2' ],
70 silly audit   '@supabase/storage-js': [ '2.106.1' ],
70 silly audit   '@supabase/supabase-js': [ '2.106.1' ],
70 silly audit   '@swc/helpers': [ '0.5.15' ],
70 silly audit   '@tailwindcss/node': [ '4.3.0' ],
70 silly audit   '@tailwindcss/oxide': [ '4.3.0' ],
70 silly audit   '@tailwindcss/oxide-android-arm64': [ '4.3.0' ],
70 silly audit   '@tailwindcss/oxide-darwin-arm64': [ '4.3.0' ],
70 silly audit   '@tailwindcss/oxide-darwin-x64': [ '4.3.0' ],
70 silly audit   '@tailwindcss/oxide-freebsd-x64': [ '4.3.0' ],
70 silly audit   '@tailwindcss/oxide-linux-arm-gnueabihf': [ '4.3.0' ],
70 silly audit   '@tailwindcss/oxide-linux-arm64-gnu': [ '4.3.0' ],
70 silly audit   '@tailwindcss/oxide-linux-arm64-musl': [ '4.3.0' ],
70 silly audit   '@tailwindcss/oxide-linux-x64-gnu': [ '4.3.0' ],
70 silly audit   '@tailwindcss/oxide-linux-x64-musl': [ '4.3.0' ],
70 silly audit   '@tailwindcss/oxide-win32-arm64-msvc': [ '4.3.0' ],
70 silly audit   '@tailwindcss/oxide-win32-x64-msvc': [ '4.3.0' ],
70 silly audit   '@tailwindcss/postcss': [ '4.3.0' ],
70 silly audit   '@ts-morph/common': [ '0.27.0' ],
70 silly audit   'balanced-match': [ '4.0.4', '1.0.2' ],
70 silly audit   'brace-expansion': [ '5.0.6', '1.1.14' ],
70 silly audit   'fast-glob': [ '3.3.3', '3.3.1' ],
70 silly audit   'glob-parent': [ '5.1.2', '6.0.2' ],
70 silly audit   minimatch: [ '10.2.5', '3.1.5' ],
70 silly audit   '@tybys/wasm-util': [ '0.10.2' ],
70 silly audit   '@types/canvas-confetti': [ '1.9.0' ],
70 silly audit   '@types/d3-array': [ '3.2.2' ],
70 silly audit   '@types/d3-color': [ '3.1.3' ],
70 silly audit   '@types/d3-ease': [ '3.0.2' ],
70 silly audit   '@types/d3-interpolate': [ '3.0.4' ],
70 silly audit   '@types/d3-path': [ '3.1.1' ],
70 silly audit   '@types/d3-scale': [ '4.0.9' ],
70 silly audit   '@types/d3-shape': [ '3.1.8' ],
70 silly audit   '@types/d3-time': [ '3.0.4' ],
70 silly audit   '@types/d3-timer': [ '3.0.2' ],
70 silly audit   '@types/estree': [ '1.0.9' ],
70 silly audit   '@types/json-schema': [ '7.0.15' ],
70 silly audit   '@types/json5': [ '0.0.29' ],
70 silly audit   '@types/node': [ '20.19.41' ],
70 silly audit   '@types/papaparse': [ '5.5.2' ],
70 silly audit   '@types/react': [ '19.2.15' ],
70 silly audit   '@types/react-dom': [ '19.2.3' ],
70 silly audit   '@types/set-cookie-parser': [ '2.4.10' ],
70 silly audit   '@types/statuses': [ '2.0.6' ],
70 silly audit   '@types/use-sync-external-store': [ '0.0.6' ],
70 silly audit   '@types/validate-npm-package-name': [ '4.0.2' ],
70 silly audit   '@typescript-eslint/eslint-plugin': [ '8.59.4' ],
70 silly audit   ignore: [ '7.0.5', '5.3.2' ],
70 silly audit   '@typescript-eslint/parser': [ '8.59.4' ],
70 silly audit   '@typescript-eslint/project-service': [ '8.59.4' ],
70 silly audit   '@typescript-eslint/scope-manager': [ '8.59.4' ],
70 silly audit   '@typescript-eslint/tsconfig-utils': [ '8.59.4' ],
70 silly audit   '@typescript-eslint/type-utils': [ '8.59.4' ],
70 silly audit   '@typescript-eslint/types': [ '8.59.4' ],
70 silly audit   '@typescript-eslint/typescript-estree': [ '8.59.4' ],
70 silly audit   semver: [ '7.8.1', '6.3.1' ],
70 silly audit   '@typescript-eslint/utils': [ '8.59.4' ],
70 silly audit   '@typescript-eslint/visitor-keys': [ '8.59.4' ],
70 silly audit   '@unrs/resolver-binding-android-arm-eabi': [ '1.12.2' ],
70 silly audit   '@unrs/resolver-binding-android-arm64': [ '1.12.2' ],
70 silly audit   '@unrs/resolver-binding-darwin-arm64': [ '1.12.2' ],
70 silly audit   '@unrs/resolver-binding-darwin-x64': [ '1.12.2' ],
70 silly audit   '@unrs/resolver-binding-freebsd-x64': [ '1.12.2' ],
70 silly audit   '@unrs/resolver-binding-linux-arm-gnueabihf': [ '1.12.2' ],
70 silly audit   '@unrs/resolver-binding-linux-arm-musleabihf': [ '1.12.2' ],
70 silly audit   '@unrs/resolver-binding-linux-arm64-gnu': [ '1.12.2' ],
70 silly audit   '@unrs/resolver-binding-linux-arm64-musl': [ '1.12.2' ],
70 silly audit   '@unrs/resolver-binding-linux-loong64-gnu': [ '1.12.2' ],
70 silly audit   '@unrs/resolver-binding-linux-loong64-musl': [ '1.12.2' ],
70 silly audit   '@unrs/resolver-binding-linux-ppc64-gnu': [ '1.12.2' ],
70 silly audit   '@unrs/resolver-binding-linux-riscv64-gnu': [ '1.12.2' ],
70 silly audit   '@unrs/resolver-binding-linux-riscv64-musl': [ '1.12.2' ],
70 silly audit   '@unrs/resolver-binding-linux-s390x-gnu': [ '1.12.2' ],
70 silly audit   '@unrs/resolver-binding-linux-x64-gnu': [ '1.12.2' ],
70 silly audit   '@unrs/resolver-binding-linux-x64-musl': [ '1.12.2' ],
70 silly audit   '@unrs/resolver-binding-openharmony-arm64': [ '1.12.2' ],
70 silly audit   '@unrs/resolver-binding-wasm32-wasi': [ '1.12.2' ],
70 silly audit   '@unrs/resolver-binding-win32-arm64-msvc': [ '1.12.2' ],
70 silly audit   '@unrs/resolver-binding-win32-ia32-msvc': [ '1.12.2' ],
70 silly audit   '@unrs/resolver-binding-win32-x64-msvc': [ '1.12.2' ],
70 silly audit   accepts: [ '2.0.0' ],
70 silly audit   acorn: [ '8.16.0' ],
70 silly audit   'acorn-jsx': [ '5.3.2' ],
70 silly audit   'adler-32': [ '1.3.1' ],
70 silly audit   'agent-base': [ '7.1.4' ],
70 silly audit   'ajv-formats': [ '3.0.1' ],
70 silly audit   'ansi-colors': [ '4.1.3' ],
70 silly audit   'ansi-regex': [ '5.0.1', '6.2.2' ],
70 silly audit   'ansi-styles': [ '4.3.0' ],
70 silly audit   argparse: [ '2.0.1' ],
70 silly audit   'aria-query': [ '5.3.2' ],
70 silly audit   'array-buffer-byte-length': [ '1.0.2' ],
70 silly audit   'array-includes': [ '3.1.9' ],
70 silly audit   'array.prototype.findlast': [ '1.2.5' ],
70 silly audit   'array.prototype.findlastindex': [ '1.2.6' ],
70 silly audit   'array.prototype.flat': [ '1.3.3' ],
70 silly audit   'array.prototype.flatmap': [ '1.3.3' ],
70 silly audit   'array.prototype.tosorted': [ '1.1.4' ],
70 silly audit   'arraybuffer.prototype.slice': [ '1.0.4' ],
70 silly audit   'ast-types': [ '0.16.1' ],
70 silly audit   'ast-types-flow': [ '0.0.8' ],
70 silly audit   'async-function': [ '1.0.0' ],
70 silly audit   'available-typed-arrays': [ '1.0.7' ],
70 silly audit   'axe-core': [ '4.11.4' ],
70 silly audit   'axobject-query': [ '4.1.0' ],
70 silly audit   'base64-arraybuffer': [ '1.0.2' ],
70 silly audit   'baseline-browser-mapping': [ '2.10.31' ],
70 silly audit   'body-parser': [ '2.2.2' ],
70 silly audit   braces: [ '3.0.3' ],
70 silly audit   browserslist: [ '4.28.2' ],
70 silly audit   'bundle-name': [ '4.1.0' ],
70 silly audit   bytes: [ '3.1.2' ],
70 silly audit   'call-bind': [ '1.0.9' ],
70 silly audit   'call-bind-apply-helpers': [ '1.0.2' ],
70 silly audit   'call-bound': [ '1.0.4' ],
70 silly audit   callsites: [ '3.1.0' ],
70 silly audit   'caniuse-lite': [ '1.0.30001793' ],
70 silly audit   'canvas-confetti': [ '1.9.4' ],
70 silly audit   cfb: [ '1.2.2' ],
70 silly audit   chalk: [ '4.1.2', '5.6.2' ],
70 silly audit   'class-variance-authority': [ '0.7.1' ],
70 silly audit   'cli-cursor': [ '5.0.0' ],
70 silly audit   'cli-spinners': [ '2.9.2' ],
70 silly audit   'cli-width': [ '4.1.0' ],
70 silly audit   'client-only': [ '0.0.1' ],
70 silly audit   cliui: [ '8.0.1' ],
70 silly audit   'emoji-regex': [ '8.0.0', '9.2.2', '10.6.0' ],
70 silly audit   'string-width': [ '4.2.3', '7.2.0' ],
70 silly audit   clsx: [ '2.1.1' ],
70 silly audit   'code-block-writer': [ '13.0.3' ],
70 silly audit   codepage: [ '1.15.0' ],
70 silly audit   'color-convert': [ '2.0.1' ],
70 silly audit   'color-name': [ '1.1.4' ],
70 silly audit   'concat-map': [ '0.0.1' ],
70 silly audit   'content-disposition': [ '1.1.0' ],
70 silly audit   'content-type': [ '1.0.5', '2.0.0' ],
70 silly audit   'convert-source-map': [ '2.0.0' ],
70 silly audit   'cookie-signature': [ '1.2.2' ],
70 silly audit   cors: [ '2.8.6' ],
70 silly audit   cosmiconfig: [ '9.0.1' ],
70 silly audit   'crc-32': [ '1.2.2' ],
70 silly audit   'cross-spawn': [ '7.0.6' ],
70 silly audit   'css-line-break': [ '2.1.0' ],
70 silly audit   cssesc: [ '3.0.0' ],
70 silly audit   csstype: [ '3.2.3' ],
70 silly audit   'd3-array': [ '3.2.4' ],
70 silly audit   'd3-color': [ '3.1.0' ],
70 silly audit   'd3-ease': [ '3.0.1' ],
70 silly audit   'd3-format': [ '3.1.2' ],
70 silly audit   'd3-interpolate': [ '3.0.1' ],
70 silly audit   'd3-path': [ '3.1.0' ],
70 silly audit   'd3-scale': [ '4.0.2' ],
70 silly audit   'd3-shape': [ '3.2.0' ],
70 silly audit   'd3-time': [ '3.1.0' ],
70 silly audit   'd3-time-format': [ '4.1.0' ],
70 silly audit   'd3-timer': [ '3.0.1' ],
70 silly audit   'damerau-levenshtein': [ '1.0.8' ],
70 silly audit   'data-uri-to-buffer': [ '4.0.1' ],
70 silly audit   'data-view-buffer': [ '1.0.2' ],
70 silly audit   'data-view-byte-length': [ '1.0.2' ],
70 silly audit   'data-view-byte-offset': [ '1.0.1' ],
70 silly audit   debug: [ '4.4.3', '3.2.7' ],
70 silly audit   'decimal.js-light': [ '2.5.1' ],
70 silly audit   dedent: [ '1.7.2' ],
70 silly audit   'deep-is': [ '0.1.4' ],
70 silly audit   deepmerge: [ '4.3.1' ],
70 silly audit   'default-browser': [ '5.5.0' ],
70 silly audit   'default-browser-id': [ '5.0.1' ],
70 silly audit   'define-data-property': [ '1.1.4' ],
70 silly audit   'define-lazy-prop': [ '3.0.0' ],
70 silly audit   'define-properties': [ '1.2.1' ],
70 silly audit   depd: [ '2.0.0' ],
70 silly audit   'detect-libc': [ '2.1.2' ],
70 silly audit   diff: [ '8.0.4' ],
70 silly audit   doctrine: [ '2.1.0' ],
70 silly audit   dotenv: [ '17.4.2' ],
70 silly audit   'dunder-proto': [ '1.0.1' ],
70 silly audit   eciesjs: [ '0.4.18' ],
70 silly audit   'ee-first': [ '1.1.1' ],
70 silly audit   'electron-to-chromium': [ '1.5.361' ],
70 silly audit   encodeurl: [ '2.0.0' ],
70 silly audit   'enhanced-resolve': [ '5.22.0' ],
70 silly audit   enquirer: [ '2.4.1' ],
70 silly audit   'env-paths': [ '2.2.1' ],
70 silly audit   'error-ex': [ '1.3.4' ],
70 silly audit   'es-abstract': [ '1.24.2' ],
70 silly audit   'es-define-property': [ '1.0.1' ],
70 silly audit   'es-errors': [ '1.3.0' ],
70 silly audit   'es-iterator-helpers': [ '1.3.2' ],
70 silly audit   'es-object-atoms': [ '1.1.1' ],
70 silly audit   'es-set-tostringtag': [ '2.1.0' ],
70 silly audit   'es-shim-unscopables': [ '1.1.0' ],
70 silly audit   'es-to-primitive': [ '1.3.0' ],
70 silly audit   'es-toolkit': [ '1.46.1' ],
70 silly audit   escalade: [ '3.2.0' ],
70 silly audit   'escape-html': [ '1.0.3' ],
70 silly audit   'escape-string-regexp': [ '4.0.0' ],
70 silly audit   eslint: [ '9.39.4' ],
70 silly audit   'eslint-config-next': [ '16.2.6' ],
70 silly audit   globals: [ '16.4.0', '14.0.0' ],
70 silly audit   'eslint-import-resolver-node': [ '0.3.10' ],
70 silly audit   'eslint-import-resolver-typescript': [ '3.10.1' ],
70 silly audit   'eslint-module-utils': [ '2.12.1' ],
70 silly audit   'eslint-plugin-import': [ '2.32.0' ],
70 silly audit   'eslint-plugin-jsx-a11y': [ '6.10.2' ],
70 silly audit   'eslint-plugin-react': [ '7.37.5' ],
70 silly audit   'eslint-plugin-react-hooks': [ '7.1.1' ],
70 silly audit   'eslint-scope': [ '8.4.0' ],
70 silly audit   espree: [ '10.4.0' ],
70 silly audit   esprima: [ '4.0.1' ],
70 silly audit   esquery: [ '1.7.0' ],
70 silly audit   esrecurse: [ '4.3.0' ],
70 silly audit   estraverse: [ '5.3.0' ],
70 silly audit   esutils: [ '2.0.3' ],
70 silly audit   etag: [ '1.8.1' ],
70 silly audit   eventemitter3: [ '5.0.4' ],
70 silly audit   eventsource: [ '3.0.7' ],
70 silly audit   'eventsource-parser': [ '3.0.8' ],
70 silly audit   express: [ '5.2.1' ],
70 silly audit   'express-rate-limit': [ '8.5.2' ],
70 silly audit   'fast-deep-equal': [ '3.1.3' ],
70 silly audit   'fast-json-stable-stringify': [ '2.1.0' ],
70 silly audit   'fast-levenshtein': [ '2.0.6' ],
70 silly audit   'fast-string-truncated-width': [ '3.0.3' ],
70 silly audit   'fast-string-width': [ '3.0.2' ],
70 silly audit   'fast-uri': [ '3.1.2' ],
70 silly audit   'fast-wrap-ansi': [ '0.2.2' ],
70 silly audit   fastq: [ '1.20.1' ],
70 silly audit   'fetch-blob': [ '3.2.0' ],
70 silly audit   figures: [ '6.1.0' ],
70 silly audit   'file-entry-cache': [ '8.0.0' ],
70 silly audit   'fill-range': [ '7.1.1' ],
70 silly audit   finalhandler: [ '2.1.1' ],
70 silly audit   'find-up': [ '5.0.0' ],
70 silly audit   'flat-cache': [ '4.0.1' ],
70 silly audit   flatted: [ '3.4.2' ],
70 silly audit   'for-each': [ '0.3.5' ],
70 silly audit   'formdata-polyfill': [ '4.0.10' ],
70 silly audit   forwarded: [ '0.2.0' ],
70 silly audit   frac: [ '1.1.2' ],
70 silly audit   fresh: [ '2.0.0' ],
70 silly audit   'fs-extra': [ '11.3.5' ],
70 silly audit   'function-bind': [ '1.1.2' ],
70 silly audit   'function.prototype.name': [ '1.1.8' ],
70 silly audit   'functions-have-names': [ '1.2.3' ],
70 silly audit   fuzzysort: [ '3.1.0' ],
70 silly audit   'generator-function': [ '2.0.1' ],
70 silly audit   gensync: [ '1.0.0-beta.2' ],
70 silly audit   'get-caller-file': [ '2.0.5' ],
70 silly audit   'get-east-asian-width': [ '1.6.0' ],
70 silly audit   'get-intrinsic': [ '1.3.0' ],
70 silly audit   'get-own-enumerable-keys': [ '1.0.0' ],
70 silly audit   'get-proto': [ '1.0.1' ],
70 silly audit   'get-symbol-description': [ '1.1.0' ],
70 silly audit   'get-tsconfig': [ '4.14.0' ],
70 silly audit   globalthis: [ '1.0.4' ],
70 silly audit   gopd: [ '1.2.0' ],
70 silly audit   'graceful-fs': [ '4.2.11' ],
70 silly audit   graphql: [ '16.14.0' ],
70 silly audit   'has-bigints': [ '1.1.0' ],
70 silly audit   'has-flag': [ '4.0.0' ],
70 silly audit   'has-property-descriptors': [ '1.0.2' ],
70 silly audit   'has-proto': [ '1.2.0' ],
70 silly audit   'has-symbols': [ '1.1.0' ],
70 silly audit   'has-tostringtag': [ '1.0.2' ],
70 silly audit   hasown: [ '2.0.3' ],
70 silly audit   'headers-polyfill': [ '5.0.1' ],
70 silly audit   'hermes-estree': [ '0.25.1' ],
70 silly audit   'hermes-parser': [ '0.25.1' ],
70 silly audit   hono: [ '4.12.22' ],
70 silly audit   'html-to-image': [ '1.11.13' ],
70 silly audit   html2canvas: [ '1.4.1' ],
70 silly audit   'http-errors': [ '2.0.1' ],
70 silly audit   'https-proxy-agent': [ '7.0.6' ],
70 silly audit   'iceberg-js': [ '0.8.1' ],
70 silly audit   'iconv-lite': [ '0.7.2' ],
70 silly audit   'import-fresh': [ '3.3.1' ],
70 silly audit   imurmurhash: [ '0.1.4' ],
70 silly audit   inherits: [ '2.0.4' ],
70 silly audit   'internal-slot': [ '1.1.0' ],
70 silly audit   internmap: [ '2.0.3' ],
70 silly audit   'ip-address': [ '10.2.0' ],
70 silly audit   'ipaddr.js': [ '1.9.1' ],
70 silly audit   'is-array-buffer': [ '3.0.5' ],
70 silly audit   'is-arrayish': [ '0.2.1' ],
70 silly audit   'is-async-function': [ '2.1.1' ],
70 silly audit   'is-bigint': [ '1.1.0' ],
70 silly audit   'is-boolean-object': [ '1.2.2' ],
70 silly audit   'is-bun-module': [ '2.0.0' ],
70 silly audit   'is-callable': [ '1.2.7' ],
70 silly audit   'is-core-module': [ '2.16.2' ],
70 silly audit   'is-data-view': [ '1.0.2' ],
70 silly audit   'is-date-object': [ '1.1.0' ],
70 silly audit   'is-docker': [ '3.0.0' ],
70 silly audit   'is-extglob': [ '2.1.1' ],
70 silly audit   'is-finalizationregistry': [ '1.1.1' ],
70 silly audit   'is-fullwidth-code-point': [ '3.0.0' ],
70 silly audit   'is-generator-function': [ '1.1.2' ],
70 silly audit   'is-glob': [ '4.0.3' ],
70 silly audit   'is-in-ssh': [ '1.0.0' ],
70 silly audit   'is-inside-container': [ '1.0.0' ],
70 silly audit   'is-interactive': [ '2.0.0' ],
70 silly audit   'is-map': [ '2.0.3' ],
70 silly audit   'is-negative-zero': [ '2.0.3' ],
70 silly audit   'is-node-process': [ '1.2.0' ],
70 silly audit   'is-number': [ '7.0.0' ],
70 silly audit   'is-number-object': [ '1.1.1' ],
70 silly audit   'is-obj': [ '3.0.0' ],
70 silly audit   'is-plain-obj': [ '4.1.0' ],
70 silly audit   'is-promise': [ '4.0.0' ],
70 silly audit   'is-regex': [ '1.2.1' ],
70 silly audit   'is-regexp': [ '3.1.0' ],
70 silly audit   'is-set': [ '2.0.3' ],
70 silly audit   'is-shared-array-buffer': [ '1.0.4' ],
70 silly audit   'is-string': [ '1.1.1' ],
70 silly audit   'is-symbol': [ '1.1.1' ],
70 silly audit   'is-typed-array': [ '1.1.15' ],
70 silly audit   'is-unicode-supported': [ '2.1.0', '1.3.0' ],
70 silly audit   'is-weakmap': [ '2.0.2' ],
70 silly audit   'is-weakref': [ '1.1.1' ],
70 silly audit   'is-weakset': [ '2.0.4' ],
70 silly audit   'is-wsl': [ '3.1.1' ],
70 silly audit   isarray: [ '2.0.5' ],
70 silly audit   'iterator.prototype': [ '1.1.5' ],
70 silly audit   jiti: [ '2.7.0' ],
70 silly audit   jose: [ '6.2.3' ],
70 silly audit   'js-tokens': [ '4.0.0' ],
70 silly audit   'js-yaml': [ '4.1.1' ],
70 silly audit   jsesc: [ '3.1.0' ],
70 silly audit   'json-buffer': [ '3.0.1' ],
70 silly audit   'json-parse-even-better-errors': [ '2.3.1' ],
70 silly audit   'json-schema-typed': [ '8.0.2' ],
70 silly audit   'json-stable-stringify-without-jsonify': [ '1.0.1' ],
70 silly audit   json5: [ '2.2.3', '1.0.2' ],
70 silly audit   jsonfile: [ '6.2.1' ],
70 silly audit   'jsx-ast-utils': [ '3.3.5' ],
70 silly audit   keyv: [ '4.5.4' ],
70 silly audit   kleur: [ '4.1.5', '3.0.3' ],
70 silly audit   'language-subtag-registry': [ '0.3.23' ],
70 silly audit   'language-tags': [ '1.0.9' ],
70 silly audit   levn: [ '0.4.1' ],
70 silly audit   lightningcss: [ '1.32.0' ],
70 silly audit   'lightningcss-android-arm64': [ '1.32.0' ],
70 silly audit   'lightningcss-darwin-arm64': [ '1.32.0' ],
70 silly audit   'lightningcss-darwin-x64': [ '1.32.0' ],
70 silly audit   'lightningcss-freebsd-x64': [ '1.32.0' ],
70 silly audit   'lightningcss-linux-arm-gnueabihf': [ '1.32.0' ],
70 silly audit   'lightningcss-linux-arm64-gnu': [ '1.32.0' ],
70 silly audit   'lightningcss-linux-arm64-musl': [ '1.32.0' ],
70 silly audit   'lightningcss-linux-x64-gnu': [ '1.32.0' ],
70 silly audit   'lightningcss-linux-x64-musl': [ '1.32.0' ],
70 silly audit   'lightningcss-win32-arm64-msvc': [ '1.32.0' ],
70 silly audit   'lightningcss-win32-x64-msvc': [ '1.32.0' ],
70 silly audit   'lines-and-columns': [ '1.2.4' ],
70 silly audit   'locate-path': [ '6.0.0' ],
70 silly audit   'lodash.merge': [ '4.6.2' ],
70 silly audit   'log-symbols': [ '6.0.0' ],
70 silly audit   'loose-envify': [ '1.4.0' ],
70 silly audit   'lru-cache': [ '5.1.1' ],
70 silly audit   'lucide-react': [ '1.16.0' ],
70 silly audit   'magic-string': [ '0.30.21' ],
70 silly audit   'math-intrinsics': [ '1.1.0' ],
70 silly audit   'media-typer': [ '1.1.0' ],
70 silly audit   'merge-descriptors': [ '2.0.0' ],
70 silly audit   'merge-stream': [ '2.0.0' ],
70 silly audit   merge2: [ '1.4.1' ],
70 silly audit   micromatch: [ '4.0.8' ],
70 silly audit   'mime-db': [ '1.54.0' ],
70 silly audit   'mime-types': [ '3.0.2' ],
70 silly audit   'mimic-fn': [ '2.1.0' ],
70 silly audit   'mimic-function': [ '5.0.1' ],
70 silly audit   minimist: [ '1.2.8' ],
70 silly audit   ms: [ '2.1.3' ],
70 silly audit   msw: [ '2.14.6' ],
70 silly audit   'mute-stream': [ '3.0.0' ],
70 silly audit   nanoid: [ '3.3.12' ],
70 silly audit   'napi-postinstall': [ '0.3.4' ],
70 silly audit   'natural-compare': [ '1.4.0' ],
70 silly audit   negotiator: [ '1.0.0' ],
70 silly audit   next: [ '16.2.6' ],
70 silly audit   postcss: [ '8.4.31', '8.5.15' ],
70 silly audit   'node-domexception': [ '1.0.0' ],
70 silly audit   'node-exports-info': [ '1.6.0' ],
70 silly audit   'node-fetch': [ '3.3.2' ],
70 silly audit   'node-releases': [ '2.0.46' ],
70 silly audit   'path-key': [ '4.0.0', '3.1.1' ],
70 silly audit   'object-assign': [ '4.1.1' ],
70 silly audit   'object-inspect': [ '1.13.4' ],
70 silly audit   'object-keys': [ '1.1.1' ],
70 silly audit   'object-treeify': [ '1.1.33' ],
70 silly audit   'object.assign': [ '4.1.7' ],
70 silly audit   'object.entries': [ '1.1.9' ],
70 silly audit   'object.fromentries': [ '2.0.8' ],
70 silly audit   'object.groupby': [ '1.0.3' ],
70 silly audit   'object.values': [ '1.2.1' ],
70 silly audit   'on-finished': [ '2.4.1' ],
70 silly audit   once: [ '1.4.0' ],
70 silly audit   open: [ '11.0.0' ],
70 silly audit   optionator: [ '0.9.4' ],
70 silly audit   ora: [ '8.2.0' ],
70 silly audit   'strip-ansi': [ '7.2.0', '6.0.1' ],
70 silly audit   outvariant: [ '1.4.3' ],
70 silly audit   'own-keys': [ '1.0.1' ],
70 silly audit   'p-limit': [ '3.1.0' ],
70 silly audit   'p-locate': [ '5.0.0' ],
70 silly audit   papaparse: [ '5.5.3' ],
70 silly audit   'parent-module': [ '1.0.1' ],
70 silly audit   'parse-json': [ '5.2.0' ],
70 silly audit   'parse-ms': [ '4.0.0' ],
70 silly audit   parseurl: [ '1.3.3' ],
70 silly audit   'path-browserify': [ '1.0.1' ],
70 silly audit   'path-exists': [ '4.0.0' ],
70 silly audit   'path-parse': [ '1.0.7' ],
70 silly audit   'path-to-regexp': [ '6.3.0', '8.4.2' ],
70 silly audit   picocolors: [ '1.1.1' ],
70 silly audit   'pkce-challenge': [ '5.0.1' ],
70 silly audit   'possible-typed-array-names': [ '1.1.0' ],
70 silly audit   'postcss-selector-parser': [ '7.1.1' ],
70 silly audit   'powershell-utils': [ '0.1.0' ],
70 silly audit   'prelude-ls': [ '1.2.1' ],
70 silly audit   'pretty-ms': [ '9.3.0' ],
70 silly audit   prompts: [ '2.4.2' ],
70 silly audit   'prop-types': [ '15.8.1' ],
70 silly audit   'proxy-addr': [ '2.0.7' ],
70 silly audit   punycode: [ '2.3.1' ],
70 silly audit   qs: [ '6.15.2' ],
70 silly audit   'queue-microtask': [ '1.2.3' ],
70 silly audit   'range-parser': [ '1.2.1' ],
70 silly audit   'raw-body': [ '3.0.2' ],
70 silly audit   react: [ '19.2.4' ],
70 silly audit   'react-dom': [ '19.2.4' ],
70 silly audit   'react-is': [ '16.13.1' ],
70 silly audit   'react-redux': [ '9.3.0' ],
70 silly audit   recast: [ '0.23.11' ],
70 silly audit   recharts: [ '3.8.1' ],
70 silly audit   reselect: [ '5.1.1', '5.2.0' ],
70 silly audit   redux: [ '5.0.1' ],
70 silly audit   'redux-thunk': [ '3.1.0' ],
70 silly audit   'reflect.getprototypeof': [ '1.0.10' ],
70 silly audit   'regexp.prototype.flags': [ '1.5.4' ],
70 silly audit   'require-directory': [ '2.1.1' ],
70 silly audit   'require-from-string': [ '2.0.2' ],
70 silly audit   resolve: [ '2.0.0-next.7' ],
70 silly audit   'resolve-from': [ '4.0.0' ],
70 silly audit   'resolve-pkg-maps': [ '1.0.0' ],
70 silly audit   'restore-cursor': [ '5.1.0' ],
70 silly audit   rettime: [ '0.11.11' ],
70 silly audit   reusify: [ '1.1.0' ],
70 silly audit   router: [ '2.2.0' ],
70 silly audit   'run-applescript': [ '7.1.0' ],
70 silly audit   'run-parallel': [ '1.2.0' ],
70 silly audit   'safe-array-concat': [ '1.1.4' ],
70 silly audit   'safe-push-apply': [ '1.0.0' ],
70 silly audit   'safe-regex-test': [ '1.1.0' ],
70 silly audit   'safer-buffer': [ '2.1.2' ],
70 silly audit   scheduler: [ '0.27.0' ],
70 silly audit   send: [ '1.2.1' ],
70 silly audit   'serve-static': [ '2.2.1' ],
70 silly audit   'set-cookie-parser': [ '3.1.0' ],
70 silly audit   'set-function-length': [ '1.2.2' ],
70 silly audit   'set-function-name': [ '2.0.2' ],
70 silly audit   'set-proto': [ '1.0.0' ],
70 silly audit   setprototypeof: [ '1.2.0' ],
70 silly audit   shadcn: [ '4.8.0' ],
70 silly audit   'tsconfig-paths': [ '4.2.0', '3.15.0' ],
70 silly audit   zod: [ '3.25.76', '4.4.3' ],
70 silly audit   sharp: [ '0.34.5' ],
70 silly audit   'shebang-command': [ '2.0.0' ],
70 silly audit   'shebang-regex': [ '3.0.0' ],
70 silly audit   'side-channel': [ '1.1.0' ],
70 silly audit   'side-channel-list': [ '1.0.1' ],
70 silly audit   'side-channel-map': [ '1.0.1' ],
70 silly audit   'side-channel-weakmap': [ '1.0.2' ],
70 silly audit   sisteransi: [ '1.0.5' ],
70 silly audit   'source-map': [ '0.6.1' ],
70 silly audit   'source-map-js': [ '1.2.1' ],
70 silly audit   ssf: [ '0.11.2' ],
70 silly audit   'stable-hash': [ '0.0.5' ],
70 silly audit   statuses: [ '2.0.2' ],
70 silly audit   'stdin-discarder': [ '0.2.2' ],
70 silly audit   'stop-iteration-iterator': [ '1.1.0' ],
70 silly audit   'strict-event-emitter': [ '0.5.1' ],
70 silly audit   'string.prototype.includes': [ '2.0.1' ],
70 silly audit   'string.prototype.matchall': [ '4.0.12' ],
70 silly audit   'string.prototype.repeat': [ '1.0.0' ],
70 silly audit   'string.prototype.trim': [ '1.2.10' ],
70 silly audit   'string.prototype.trimend': [ '1.0.9' ],
70 silly audit   'string.prototype.trimstart': [ '1.0.8' ],
70 silly audit   'stringify-object': [ '5.0.0' ],
70 silly audit   'strip-bom': [ '3.0.0' ],
70 silly audit   'strip-json-comments': [ '3.1.1' ],
70 silly audit   'styled-jsx': [ '5.1.6' ],
70 silly audit   'supports-color': [ '7.2.0' ],
70 silly audit   'supports-preserve-symlinks-flag': [ '1.0.0' ],
70 silly audit   'tagged-tag': [ '1.0.0' ],
70 silly audit   'tailwind-merge': [ '3.6.0' ],
70 silly audit   tailwindcss: [ '4.3.0' ],
70 silly audit   tapable: [ '2.3.3' ],
70 silly audit   'text-segmentation': [ '1.0.3' ],
70 silly audit   'tiny-invariant': [ '1.3.3' ],
70 silly audit   tinyglobby: [ '0.2.16' ],
70 silly audit   tldts: [ '7.0.30' ],
70 silly audit   'tldts-core': [ '7.0.30' ],
70 silly audit   'to-regex-range': [ '5.0.1' ],
70 silly audit   toidentifier: [ '1.0.1' ],
70 silly audit   'tough-cookie': [ '6.0.1' ],
70 silly audit   'ts-api-utils': [ '2.5.0' ],
70 silly audit   'ts-morph': [ '26.0.0' ],
70 silly audit   tslib: [ '2.8.1' ],
70 silly audit   'tw-animate-css': [ '1.4.0' ],
70 silly audit   'type-check': [ '0.4.0' ],
70 silly audit   'type-fest': [ '5.6.0' ],
70 silly audit   'type-is': [ '2.1.0' ],
70 silly audit   'typed-array-buffer': [ '1.0.3' ],
70 silly audit   'typed-array-byte-length': [ '1.0.3' ],
70 silly audit   'typed-array-byte-offset': [ '1.0.4' ],
70 silly audit   'typed-array-length': [ '1.0.7' ],
70 silly audit   typescript: [ '5.9.3' ],
70 silly audit   'typescript-eslint': [ '8.59.4' ],
70 silly audit   'unbox-primitive': [ '1.1.0' ],
70 silly audit   'undici-types': [ '6.21.0' ],
70 silly audit   'unicorn-magic': [ '0.3.0' ],
70 silly audit   universalify: [ '2.0.1' ],
70 silly audit   unpipe: [ '1.0.0' ],
70 silly audit   'unrs-resolver': [ '1.12.2' ],
70 silly audit   'until-async': [ '3.0.2' ],
70 silly audit   'update-browserslist-db': [ '1.2.3' ],
70 silly audit   'uri-js': [ '4.4.1' ],
70 silly audit   'use-sync-external-store': [ '1.6.0' ],
70 silly audit   'util-deprecate': [ '1.0.2' ],
70 silly audit   utrie: [ '1.0.2' ],
70 silly audit   'validate-npm-package-name': [ '7.0.2' ],
70 silly audit   vary: [ '1.1.2' ],
70 silly audit   'victory-vendor': [ '37.3.6' ],
70 silly audit   'web-streams-polyfill': [ '3.3.3' ],
70 silly audit   'which-boxed-primitive': [ '1.1.1' ],
70 silly audit   'which-builtin-type': [ '1.2.1' ],
70 silly audit   'which-collection': [ '1.0.2' ],
70 silly audit   'which-typed-array': [ '1.1.20' ],
70 silly audit   wmf: [ '1.0.2' ],
70 silly audit   word: [ '0.3.0' ],
70 silly audit   'word-wrap': [ '1.2.5' ],
70 silly audit   'wrap-ansi': [ '7.0.0' ],
70 silly audit   wrappy: [ '1.0.2' ],
70 silly audit   'wsl-utils': [ '0.3.1' ],
70 silly audit   xlsx: [ '0.18.5' ],
70 silly audit   y18n: [ '5.0.8' ],
70 silly audit   yallist: [ '3.1.1' ],
70 silly audit   yargs: [ '17.7.2' ],
70 silly audit   'yargs-parser': [ '21.1.1' ],
70 silly audit   'yocto-queue': [ '0.1.0' ],
70 silly audit   'yocto-spinner': [ '1.2.0' ],
70 silly audit   yoctocolors: [ '2.1.2' ],
70 silly audit   'zod-to-json-schema': [ '3.25.2' ],
70 silly audit   'zod-validation-error': [ '4.0.2' ],
70 silly audit   'browser-image-compression': [ '2.0.2' ],
70 silly audit   resend: [ '6.12.3' ],
70 silly audit   uzip: [ '0.20201231.0' ],
70 silly audit   'postal-mime': [ '2.7.4' ],
70 silly audit   svix: [ '1.92.2' ],
70 silly audit   standardwebhooks: [ '1.0.0' ],
70 silly audit   '@stablelib/base64': [ '1.0.1' ],
70 silly audit   'fast-sha256': [ '1.3.0' ],
70 silly audit   '@tailwindcss/oxide-wasm32-wasi': [ '4.3.0' ]
70 silly audit }
71 verbose reify failed optional dependency /Users/sachingopalakrishnan/Downloads/REC RESULTS/rec-portal/node_modules/lightningcss-win32-x64-msvc
72 silly reify mark deleted [
72 silly reify   '/Users/sachingopalakrishnan/Downloads/REC RESULTS/rec-portal/node_modules/lightningcss-win32-x64-msvc'
72 silly reify ]
73 verbose reify failed optional dependency /Users/sachingopalakrishnan/Downloads/REC RESULTS/rec-portal/node_modules/lightningcss-win32-arm64-msvc
74 silly reify mark deleted [
74 silly reify   '/Users/sachingopalakrishnan/Downloads/REC RESULTS/rec-portal/node_modules/lightningcss-win32-arm64-msvc'
74 silly reify ]
75 verbose reify failed optional dependency /Users/sachingopalakrishnan/Downloads/REC RESULTS/rec-portal/node_modules/lightningcss-linux-x64-musl
76 silly reify mark deleted [
76 silly reify   '/Users/sachingopalakrishnan/Downloads/REC RESULTS/rec-portal/node_modules/lightningcss-linux-x64-musl'
76 silly reify ]
77 verbose reify failed optional dependency /Users/sachingopalakrishnan/Downloads/REC RESULTS/rec-portal/node_modules/lightningcss-linux-x64-gnu
78 silly reify mark deleted [
78 silly reify   '/Users/sachingopalakrishnan/Downloads/REC RESULTS/rec-portal/node_modules/lightningcss-linux-x64-gnu'
78 silly reify ]
79 verbose reify failed optional dependency /Users/sachingopalakrishnan/Downloads/REC RESULTS/rec-portal/node_modules/lightningcss-linux-arm64-musl
80 silly reify mark deleted [
80 silly reify   '/Users/sachingopalakrishnan/Downloads/REC RESULTS/rec-portal/node_modules/lightningcss-linux-arm64-musl'
80 silly reify ]
81 verbose reify failed optional dependency /Users/sachingopalakrishnan/Downloads/REC RESULTS/rec-portal/node_modules/lightningcss-linux-arm64-gnu
82 silly reify mark deleted [
82 silly reify   '/Users/sachingopalakrishnan/Downloads/REC RESULTS/rec-portal/node_modules/lightningcss-linux-arm64-gnu'
82 silly reify ]
83 verbose reify failed optional dependency /Users/sachingopalakrishnan/Downloads/REC RESULTS/rec-portal/node_modules/lightningcss-linux-arm-gnueabihf
84 silly reify mark deleted [
84 silly reify   '/Users/sachingopalakrishnan/Downloads/REC RESULTS/rec-portal/node_modules/lightningcss-linux-arm-gnueabihf'
84 silly reify ]
85 verbose reify failed optional dependency /Users/sachingopalakrishnan/Downloads/REC RESULTS/rec-portal/node_modules/lightningcss-freebsd-x64
86 silly reify mark deleted [
86 silly reify   '/Users/sachingopalakrishnan/Downloads/REC RESULTS/rec-portal/node_modules/lightningcss-freebsd-x64'
86 silly reify ]
87 verbose reify failed optional dependency /Users/sachingopalakrishnan/Downloads/REC RESULTS/rec-portal/node_modules/lightningcss-darwin-x64
88 silly reify mark deleted [
88 silly reify   '/Users/sachingopalakrishnan/Downloads/REC RESULTS/rec-portal/node_modules/lightningcss-darwin-x64'
88 silly reify ]
89 verbose reify failed optional dependency /Users/sachingopalakrishnan/Downloads/REC RESULTS/rec-portal/node_modules/lightningcss-android-arm64
90 silly reify mark deleted [
90 silly reify   '/Users/sachingopalakrishnan/Downloads/REC RESULTS/rec-portal/node_modules/lightningcss-android-arm64'
90 silly reify ]
91 verbose reify failed optional dependency /Users/sachingopalakrishnan/Downloads/REC RESULTS/rec-portal/node_modules/@unrs/resolver-binding-win32-x64-msvc
92 silly reify mark deleted [
92 silly reify   '/Users/sachingopalakrishnan/Downloads/REC RESULTS/rec-portal/node_modules/@unrs/resolver-binding-win32-x64-msvc'
92 silly reify ]
93 verbose reify failed optional dependency /Users/sachingopalakrishnan/Downloads/REC RESULTS/rec-portal/node_modules/@unrs/resolver-binding-win32-ia32-msvc
94 silly reify mark deleted [
94 silly reify   '/Users/sachingopalakrishnan/Downloads/REC RESULTS/rec-portal/node_modules/@unrs/resolver-binding-win32-ia32-msvc'
94 silly reify ]
95 verbose reify failed optional dependency /Users/sachingopalakrishnan/Downloads/REC RESULTS/rec-portal/node_modules/@unrs/resolver-binding-win32-arm64-msvc
96 silly reify mark deleted [
96 silly reify   '/Users/sachingopalakrishnan/Downloads/REC RESULTS/rec-portal/node_modules/@unrs/resolver-binding-win32-arm64-msvc'
96 silly reify ]
97 verbose reify failed optional dependency /Users/sachingopalakrishnan/Downloads/REC RESULTS/rec-portal/node_modules/@unrs/resolver-binding-wasm32-wasi
98 silly reify mark deleted [
98 silly reify   '/Users/sachingopalakrishnan/Downloads/REC RESULTS/rec-portal/node_modules/@unrs/resolver-binding-wasm32-wasi'
98 silly reify ]
99 verbose reify failed optional dependency /Users/sachingopalakrishnan/Downloads/REC RESULTS/rec-portal/node_modules/@unrs/resolver-binding-openharmony-arm64
100 silly reify mark deleted [
100 silly reify   '/Users/sachingopalakrishnan/Downloads/REC RESULTS/rec-portal/node_modules/@unrs/resolver-binding-openharmony-arm64'
100 silly reify ]
101 verbose reify failed optional dependency /Users/sachingopalakrishnan/Downloads/REC RESULTS/rec-portal/node_modules/@unrs/resolver-binding-linux-x64-musl
102 silly reify mark deleted [
102 silly reify   '/Users/sachingopalakrishnan/Downloads/REC RESULTS/rec-portal/node_modules/@unrs/resolver-binding-linux-x64-musl'
102 silly reify ]
103 verbose reify failed optional dependency /Users/sachingopalakrishnan/Downloads/REC RESULTS/rec-portal/node_modules/@unrs/resolver-binding-linux-x64-gnu
104 silly reify mark deleted [
104 silly reify   '/Users/sachingopalakrishnan/Downloads/REC RESULTS/rec-portal/node_modules/@unrs/resolver-binding-linux-x64-gnu'
104 silly reify ]
105 verbose reify failed optional dependency /Users/sachingopalakrishnan/Downloads/REC RESULTS/rec-portal/node_modules/@unrs/resolver-binding-linux-s390x-gnu
106 silly reify mark deleted [
106 silly reify   '/Users/sachingopalakrishnan/Downloads/REC RESULTS/rec-portal/node_modules/@unrs/resolver-binding-linux-s390x-gnu'
106 silly reify ]
107 verbose reify failed optional dependency /Users/sachingopalakrishnan/Downloads/REC RESULTS/rec-portal/node_modules/@unrs/resolver-binding-linux-riscv64-musl
108 silly reify mark deleted [
108 silly reify   '/Users/sachingopalakrishnan/Downloads/REC RESULTS/rec-portal/node_modules/@unrs/resolver-binding-linux-riscv64-musl'
108 silly reify ]
109 verbose reify failed optional dependency /Users/sachingopalakrishnan/Downloads/REC RESULTS/rec-portal/node_modules/@unrs/resolver-binding-linux-riscv64-gnu
110 silly reify mark deleted [
110 silly reify   '/Users/sachingopalakrishnan/Downloads/REC RESULTS/rec-portal/node_modules/@unrs/resolver-binding-linux-riscv64-gnu'
110 silly reify ]
111 verbose reify failed optional dependency /Users/sachingopalakrishnan/Downloads/REC RESULTS/rec-portal/node_modules/@unrs/resolver-binding-linux-ppc64-gnu
112 silly reify mark deleted [
112 silly reify   '/Users/sachingopalakrishnan/Downloads/REC RESULTS/rec-portal/node_modules/@unrs/resolver-binding-linux-ppc64-gnu'
112 silly reify ]
113 verbose reify failed optional dependency /Users/sachingopalakrishnan/Downloads/REC RESULTS/rec-portal/node_modules/@unrs/resolver-binding-linux-loong64-musl
114 silly reify mark deleted [
114 silly reify   '/Users/sachingopalakrishnan/Downloads/REC RESULTS/rec-portal/node_modules/@unrs/resolver-binding-linux-loong64-musl'
114 silly reify ]
115 verbose reify failed optional dependency /Users/sachingopalakrishnan/Downloads/REC RESULTS/rec-portal/node_modules/@unrs/resolver-binding-linux-loong64-gnu
116 silly reify mark deleted [
116 silly reify   '/Users/sachingopalakrishnan/Downloads/REC RESULTS/rec-portal/node_modules/@unrs/resolver-binding-linux-loong64-gnu'
116 silly reify ]
117 verbose reify failed optional dependency /Users/sachingopalakrishnan/Downloads/REC RESULTS/rec-portal/node_modules/@unrs/resolver-binding-linux-arm64-musl
118 silly reify mark deleted [
118 silly reify   '/Users/sachingopalakrishnan/Downloads/REC RESULTS/rec-portal/node_modules/@unrs/resolver-binding-linux-arm64-musl'
118 silly reify ]
119 verbose reify failed optional dependency /Users/sachingopalakrishnan/Downloads/REC RESULTS/rec-portal/node_modules/@unrs/resolver-binding-linux-arm64-gnu
120 silly reify mark deleted [
120 silly reify   '/Users/sachingopalakrishnan/Downloads/REC RESULTS/rec-portal/node_modules/@unrs/resolver-binding-linux-arm64-gnu'
120 silly reify ]
121 verbose reify failed optional dependency /Users/sachingopalakrishnan/Downloads/REC RESULTS/rec-portal/node_modules/@unrs/resolver-binding-linux-arm-musleabihf
122 silly reify mark deleted [
122 silly reify   '/Users/sachingopalakrishnan/Downloads/REC RESULTS/rec-portal/node_modules/@unrs/resolver-binding-linux-arm-musleabihf'
122 silly reify ]
123 verbose reify failed optional dependency /Users/sachingopalakrishnan/Downloads/REC RESULTS/rec-portal/node_modules/@unrs/resolver-binding-linux-arm-gnueabihf
124 silly reify mark deleted [
124 silly reify   '/Users/sachingopalakrishnan/Downloads/REC RESULTS/rec-portal/node_modules/@unrs/resolver-binding-linux-arm-gnueabihf'
124 silly reify ]
125 verbose reify failed optional dependency /Users/sachingopalakrishnan/Downloads/REC RESULTS/rec-portal/node_modules/@unrs/resolver-binding-freebsd-x64
126 silly reify mark deleted [
126 silly reify   '/Users/sachingopalakrishnan/Downloads/REC RESULTS/rec-portal/node_modules/@unrs/resolver-binding-freebsd-x64'
126 silly reify ]
127 verbose reify failed optional dependency /Users/sachingopalakrishnan/Downloads/REC RESULTS/rec-portal/node_modules/@unrs/resolver-binding-darwin-x64
128 silly reify mark deleted [
128 silly reify   '/Users/sachingopalakrishnan/Downloads/REC RESULTS/rec-portal/node_modules/@unrs/resolver-binding-darwin-x64'
128 silly reify ]
129 verbose reify failed optional dependency /Users/sachingopalakrishnan/Downloads/REC RESULTS/rec-portal/node_modules/@unrs/resolver-binding-android-arm64
130 silly reify mark deleted [
130 silly reify   '/Users/sachingopalakrishnan/Downloads/REC RESULTS/rec-portal/node_modules/@unrs/resolver-binding-android-arm64'
130 silly reify ]
131 verbose reify failed optional dependency /Users/sachingopalakrishnan/Downloads/REC RESULTS/rec-portal/node_modules/@unrs/resolver-binding-android-arm-eabi
132 silly reify mark deleted [
132 silly reify   '/Users/sachingopalakrishnan/Downloads/REC RESULTS/rec-portal/node_modules/@unrs/resolver-binding-android-arm-eabi'
132 silly reify ]
133 verbose reify failed optional dependency /Users/sachingopalakrishnan/Downloads/REC RESULTS/rec-portal/node_modules/@tailwindcss/oxide-win32-x64-msvc
134 silly reify mark deleted [
134 silly reify   '/Users/sachingopalakrishnan/Downloads/REC RESULTS/rec-portal/node_modules/@tailwindcss/oxide-win32-x64-msvc'
134 silly reify ]
135 verbose reify failed optional dependency /Users/sachingopalakrishnan/Downloads/REC RESULTS/rec-portal/node_modules/@tailwindcss/oxide-win32-arm64-msvc
136 silly reify mark deleted [
136 silly reify   '/Users/sachingopalakrishnan/Downloads/REC RESULTS/rec-portal/node_modules/@tailwindcss/oxide-win32-arm64-msvc'
136 silly reify ]
137 verbose reify failed optional dependency /Users/sachingopalakrishnan/Downloads/REC RESULTS/rec-portal/node_modules/@tailwindcss/oxide-linux-x64-musl
138 silly reify mark deleted [
138 silly reify   '/Users/sachingopalakrishnan/Downloads/REC RESULTS/rec-portal/node_modules/@tailwindcss/oxide-linux-x64-musl'
138 silly reify ]
139 verbose reify failed optional dependency /Users/sachingopalakrishnan/Downloads/REC RESULTS/rec-portal/node_modules/@tailwindcss/oxide-linux-x64-gnu
140 silly reify mark deleted [
140 silly reify   '/Users/sachingopalakrishnan/Downloads/REC RESULTS/rec-portal/node_modules/@tailwindcss/oxide-linux-x64-gnu'
140 silly reify ]
141 verbose reify failed optional dependency /Users/sachingopalakrishnan/Downloads/REC RESULTS/rec-portal/node_modules/@tailwindcss/oxide-linux-arm64-musl
142 silly reify mark deleted [
142 silly reify   '/Users/sachingopalakrishnan/Downloads/REC RESULTS/rec-portal/node_modules/@tailwindcss/oxide-linux-arm64-musl'
142 silly reify ]
143 verbose reify failed optional dependency /Users/sachingopalakrishnan/Downloads/REC RESULTS/rec-portal/node_modules/@tailwindcss/oxide-linux-arm64-gnu
144 silly reify mark deleted [
144 silly reify   '/Users/sachingopalakrishnan/Downloads/REC RESULTS/rec-portal/node_modules/@tailwindcss/oxide-linux-arm64-gnu'
144 silly reify ]
145 verbose reify failed optional dependency /Users/sachingopalakrishnan/Downloads/REC RESULTS/rec-portal/node_modules/@tailwindcss/oxide-linux-arm-gnueabihf
146 silly reify mark deleted [
146 silly reify   '/Users/sachingopalakrishnan/Downloads/REC RESULTS/rec-portal/node_modules/@tailwindcss/oxide-linux-arm-gnueabihf'
146 silly reify ]
147 verbose reify failed optional dependency /Users/sachingopalakrishnan/Downloads/REC RESULTS/rec-portal/node_modules/@tailwindcss/oxide-freebsd-x64
148 silly reify mark deleted [
148 silly reify   '/Users/sachingopalakrishnan/Downloads/REC RESULTS/rec-portal/node_modules/@tailwindcss/oxide-freebsd-x64'
148 silly reify ]
149 verbose reify failed optional dependency /Users/sachingopalakrishnan/Downloads/REC RESULTS/rec-portal/node_modules/@tailwindcss/oxide-darwin-x64
150 silly reify mark deleted [
150 silly reify   '/Users/sachingopalakrishnan/Downloads/REC RESULTS/rec-portal/node_modules/@tailwindcss/oxide-darwin-x64'
150 silly reify ]
151 verbose reify failed optional dependency /Users/sachingopalakrishnan/Downloads/REC RESULTS/rec-portal/node_modules/@tailwindcss/oxide-android-arm64
152 silly reify mark deleted [
152 silly reify   '/Users/sachingopalakrishnan/Downloads/REC RESULTS/rec-portal/node_modules/@tailwindcss/oxide-android-arm64'
152 silly reify ]
153 verbose reify failed optional dependency /Users/sachingopalakrishnan/Downloads/REC RESULTS/rec-portal/node_modules/@next/swc-win32-x64-msvc
154 silly reify mark deleted [
154 silly reify   '/Users/sachingopalakrishnan/Downloads/REC RESULTS/rec-portal/node_modules/@next/swc-win32-x64-msvc'
154 silly reify ]
155 verbose reify failed optional dependency /Users/sachingopalakrishnan/Downloads/REC RESULTS/rec-portal/node_modules/@next/swc-win32-arm64-msvc
156 silly reify mark deleted [
156 silly reify   '/Users/sachingopalakrishnan/Downloads/REC RESULTS/rec-portal/node_modules/@next/swc-win32-arm64-msvc'
156 silly reify ]
157 verbose reify failed optional dependency /Users/sachingopalakrishnan/Downloads/REC RESULTS/rec-portal/node_modules/@next/swc-linux-x64-musl
158 silly reify mark deleted [
158 silly reify   '/Users/sachingopalakrishnan/Downloads/REC RESULTS/rec-portal/node_modules/@next/swc-linux-x64-musl'
158 silly reify ]
159 verbose reify failed optional dependency /Users/sachingopalakrishnan/Downloads/REC RESULTS/rec-portal/node_modules/@next/swc-linux-x64-gnu
160 silly reify mark deleted [
160 silly reify   '/Users/sachingopalakrishnan/Downloads/REC RESULTS/rec-portal/node_modules/@next/swc-linux-x64-gnu'
160 silly reify ]
161 verbose reify failed optional dependency /Users/sachingopalakrishnan/Downloads/REC RESULTS/rec-portal/node_modules/@next/swc-linux-arm64-musl
162 silly reify mark deleted [
162 silly reify   '/Users/sachingopalakrishnan/Downloads/REC RESULTS/rec-portal/node_modules/@next/swc-linux-arm64-musl'
162 silly reify ]
163 verbose reify failed optional dependency /Users/sachingopalakrishnan/Downloads/REC RESULTS/rec-portal/node_modules/@next/swc-linux-arm64-gnu
164 silly reify mark deleted [
164 silly reify   '/Users/sachingopalakrishnan/Downloads/REC RESULTS/rec-portal/node_modules/@next/swc-linux-arm64-gnu'
164 silly reify ]
165 verbose reify failed optional dependency /Users/sachingopalakrishnan/Downloads/REC RESULTS/rec-portal/node_modules/@next/swc-darwin-x64
166 silly reify mark deleted [
166 silly reify   '/Users/sachingopalakrishnan/Downloads/REC RESULTS/rec-portal/node_modules/@next/swc-darwin-x64'
166 silly reify ]
167 verbose reify failed optional dependency /Users/sachingopalakrishnan/Downloads/REC RESULTS/rec-portal/node_modules/@img/sharp-win32-x64
168 silly reify mark deleted [
168 silly reify   '/Users/sachingopalakrishnan/Downloads/REC RESULTS/rec-portal/node_modules/@img/sharp-win32-x64'
168 silly reify ]
169 verbose reify failed optional dependency /Users/sachingopalakrishnan/Downloads/REC RESULTS/rec-portal/node_modules/@img/sharp-win32-ia32
170 silly reify mark deleted [
170 silly reify   '/Users/sachingopalakrishnan/Downloads/REC RESULTS/rec-portal/node_modules/@img/sharp-win32-ia32'
170 silly reify ]
171 verbose reify failed optional dependency /Users/sachingopalakrishnan/Downloads/REC RESULTS/rec-portal/node_modules/@img/sharp-win32-arm64
172 silly reify mark deleted [
172 silly reify   '/Users/sachingopalakrishnan/Downloads/REC RESULTS/rec-portal/node_modules/@img/sharp-win32-arm64'
172 silly reify ]
173 verbose reify failed optional dependency /Users/sachingopalakrishnan/Downloads/REC RESULTS/rec-portal/node_modules/@img/sharp-wasm32
174 silly reify mark deleted [
174 silly reify   '/Users/sachingopalakrishnan/Downloads/REC RESULTS/rec-portal/node_modules/@img/sharp-wasm32'
174 silly reify ]
175 verbose reify failed optional dependency /Users/sachingopalakrishnan/Downloads/REC RESULTS/rec-portal/node_modules/@img/sharp-linuxmusl-x64
176 silly reify mark deleted [
176 silly reify   '/Users/sachingopalakrishnan/Downloads/REC RESULTS/rec-portal/node_modules/@img/sharp-linuxmusl-x64'
176 silly reify ]
177 verbose reify failed optional dependency /Users/sachingopalakrishnan/Downloads/REC RESULTS/rec-portal/node_modules/@img/sharp-linuxmusl-arm64
178 silly reify mark deleted [
178 silly reify   '/Users/sachingopalakrishnan/Downloads/REC RESULTS/rec-portal/node_modules/@img/sharp-linuxmusl-arm64'
178 silly reify ]
179 verbose reify failed optional dependency /Users/sachingopalakrishnan/Downloads/REC RESULTS/rec-portal/node_modules/@img/sharp-linux-x64
180 silly reify mark deleted [
180 silly reify   '/Users/sachingopalakrishnan/Downloads/REC RESULTS/rec-portal/node_modules/@img/sharp-linux-x64'
180 silly reify ]
181 verbose reify failed optional dependency /Users/sachingopalakrishnan/Downloads/REC RESULTS/rec-portal/node_modules/@img/sharp-linux-s390x
182 silly reify mark deleted [
182 silly reify   '/Users/sachingopalakrishnan/Downloads/REC RESULTS/rec-portal/node_modules/@img/sharp-linux-s390x'
182 silly reify ]
183 verbose reify failed optional dependency /Users/sachingopalakrishnan/Downloads/REC RESULTS/rec-portal/node_modules/@img/sharp-linux-riscv64
184 silly reify mark deleted [
184 silly reify   '/Users/sachingopalakrishnan/Downloads/REC RESULTS/rec-portal/node_modules/@img/sharp-linux-riscv64'
184 silly reify ]
185 verbose reify failed optional dependency /Users/sachingopalakrishnan/Downloads/REC RESULTS/rec-portal/node_modules/@img/sharp-linux-ppc64
186 silly reify mark deleted [
186 silly reify   '/Users/sachingopalakrishnan/Downloads/REC RESULTS/rec-portal/node_modules/@img/sharp-linux-ppc64'
186 silly reify ]
187 verbose reify failed optional dependency /Users/sachingopalakrishnan/Downloads/REC RESULTS/rec-portal/node_modules/@img/sharp-linux-arm64
188 silly reify mark deleted [
188 silly reify   '/Users/sachingopalakrishnan/Downloads/REC RESULTS/rec-portal/node_modules/@img/sharp-linux-arm64'
188 silly reify ]
189 verbose reify failed optional dependency /Users/sachingopalakrishnan/Downloads/REC RESULTS/rec-portal/node_modules/@img/sharp-linux-arm
190 silly reify mark deleted [
190 silly reify   '/Users/sachingopalakrishnan/Downloads/REC RESULTS/rec-portal/node_modules/@img/sharp-linux-arm'
190 silly reify ]
191 verbose reify failed optional dependency /Users/sachingopalakrishnan/Downloads/REC RESULTS/rec-portal/node_modules/@img/sharp-libvips-linuxmusl-x64
192 silly reify mark deleted [
192 silly reify   '/Users/sachingopalakrishnan/Downloads/REC RESULTS/rec-portal/node_modules/@img/sharp-libvips-linuxmusl-x64'
192 silly reify ]
193 verbose reify failed optional dependency /Users/sachingopalakrishnan/Downloads/REC RESULTS/rec-portal/node_modules/@img/sharp-libvips-linuxmusl-arm64
194 silly reify mark deleted [
194 silly reify   '/Users/sachingopalakrishnan/Downloads/REC RESULTS/rec-portal/node_modules/@img/sharp-libvips-linuxmusl-arm64'
194 silly reify ]
195 verbose reify failed optional dependency /Users/sachingopalakrishnan/Downloads/REC RESULTS/rec-portal/node_modules/@img/sharp-libvips-linux-x64
196 silly reify mark deleted [
196 silly reify   '/Users/sachingopalakrishnan/Downloads/REC RESULTS/rec-portal/node_modules/@img/sharp-libvips-linux-x64'
196 silly reify ]
197 verbose reify failed optional dependency /Users/sachingopalakrishnan/Downloads/REC RESULTS/rec-portal/node_modules/@img/sharp-libvips-linux-s390x
198 silly reify mark deleted [
198 silly reify   '/Users/sachingopalakrishnan/Downloads/REC RESULTS/rec-portal/node_modules/@img/sharp-libvips-linux-s390x'
198 silly reify ]
199 verbose reify failed optional dependency /Users/sachingopalakrishnan/Downloads/REC RESULTS/rec-portal/node_modules/@img/sharp-libvips-linux-riscv64
200 silly reify mark deleted [
200 silly reify   '/Users/sachingopalakrishnan/Downloads/REC RESULTS/rec-portal/node_modules/@img/sharp-libvips-linux-riscv64'
200 silly reify ]
201 verbose reify failed optional dependency /Users/sachingopalakrishnan/Downloads/REC RESULTS/rec-portal/node_modules/@img/sharp-libvips-linux-ppc64
202 silly reify mark deleted [
202 silly reify   '/Users/sachingopalakrishnan/Downloads/REC RESULTS/rec-portal/node_modules/@img/sharp-libvips-linux-ppc64'
202 silly reify ]
203 verbose reify failed optional dependency /Users/sachingopalakrishnan/Downloads/REC RESULTS/rec-portal/node_modules/@img/sharp-libvips-linux-arm64
204 silly reify mark deleted [
204 silly reify   '/Users/sachingopalakrishnan/Downloads/REC RESULTS/rec-portal/node_modules/@img/sharp-libvips-linux-arm64'
204 silly reify ]
205 verbose reify failed optional dependency /Users/sachingopalakrishnan/Downloads/REC RESULTS/rec-portal/node_modules/@img/sharp-libvips-linux-arm
206 silly reify mark deleted [
206 silly reify   '/Users/sachingopalakrishnan/Downloads/REC RESULTS/rec-portal/node_modules/@img/sharp-libvips-linux-arm'
206 silly reify ]
207 verbose reify failed optional dependency /Users/sachingopalakrishnan/Downloads/REC RESULTS/rec-portal/node_modules/@img/sharp-libvips-darwin-x64
208 silly reify mark deleted [
208 silly reify   '/Users/sachingopalakrishnan/Downloads/REC RESULTS/rec-portal/node_modules/@img/sharp-libvips-darwin-x64'
208 silly reify ]
209 verbose reify failed optional dependency /Users/sachingopalakrishnan/Downloads/REC RESULTS/rec-portal/node_modules/@img/sharp-darwin-x64
210 silly reify mark deleted [
210 silly reify   '/Users/sachingopalakrishnan/Downloads/REC RESULTS/rec-portal/node_modules/@img/sharp-darwin-x64'
210 silly reify ]
211 http cache fast-sha256@https://registry.npmjs.org/fast-sha256/-/fast-sha256-1.3.0.tgz 0ms (cache hit)
212 http cache svix@https://registry.npmjs.org/svix/-/svix-1.92.2.tgz 0ms (cache hit)
213 http cache @stablelib/base64@https://registry.npmjs.org/@stablelib/base64/-/base64-1.0.1.tgz 0ms (cache hit)
214 http cache standardwebhooks@https://registry.npmjs.org/standardwebhooks/-/standardwebhooks-1.0.0.tgz 0ms (cache hit)
215 http cache postal-mime@https://registry.npmjs.org/postal-mime/-/postal-mime-2.7.4.tgz 0ms (cache hit)
216 http cache uzip@https://registry.npmjs.org/uzip/-/uzip-0.20201231.0.tgz 0ms (cache hit)
217 silly tarball no local data for fast-sha256@https://registry.npmjs.org/fast-sha256/-/fast-sha256-1.3.0.tgz. Extracting by manifest.
218 http cache resend@https://registry.npmjs.org/resend/-/resend-6.12.3.tgz 0ms (cache hit)
219 silly tarball no local data for svix@https://registry.npmjs.org/svix/-/svix-1.92.2.tgz. Extracting by manifest.
220 silly tarball no local data for @stablelib/base64@https://registry.npmjs.org/@stablelib/base64/-/base64-1.0.1.tgz. Extracting by manifest.
221 silly tarball no local data for standardwebhooks@https://registry.npmjs.org/standardwebhooks/-/standardwebhooks-1.0.0.tgz. Extracting by manifest.
222 silly tarball no local data for postal-mime@https://registry.npmjs.org/postal-mime/-/postal-mime-2.7.4.tgz. Extracting by manifest.
223 silly tarball no local data for uzip@https://registry.npmjs.org/uzip/-/uzip-0.20201231.0.tgz. Extracting by manifest.
224 http cache browser-image-compression@https://registry.npmjs.org/browser-image-compression/-/browser-image-compression-2.0.2.tgz 0ms (cache hit)
225 silly tarball no local data for resend@https://registry.npmjs.org/resend/-/resend-6.12.3.tgz. Extracting by manifest.
226 silly tarball no local data for browser-image-compression@https://registry.npmjs.org/browser-image-compression/-/browser-image-compression-2.0.2.tgz. Extracting by manifest.
227 http fetch GET 200 https://registry.npmjs.org/fast-sha256/-/fast-sha256-1.3.0.tgz 90ms (cache miss)
228 http fetch GET 200 https://registry.npmjs.org/standardwebhooks/-/standardwebhooks-1.0.0.tgz 120ms (cache miss)
229 http fetch GET 200 https://registry.npmjs.org/uzip/-/uzip-0.20201231.0.tgz 129ms (cache miss)
230 http fetch GET 200 https://registry.npmjs.org/resend/-/resend-6.12.3.tgz 131ms (cache miss)
231 http fetch GET 200 https://registry.npmjs.org/postal-mime/-/postal-mime-2.7.4.tgz 138ms (cache miss)
232 http fetch GET 200 https://registry.npmjs.org/browser-image-compression/-/browser-image-compression-2.0.2.tgz 138ms (cache miss)
233 http fetch GET 200 https://registry.npmjs.org/svix/-/svix-1.92.2.tgz 226ms (cache miss)
234 http fetch POST 200 https://registry.npmjs.org/-/npm/v1/security/advisories/bulk 252ms
235 silly audit report {
235 silly audit report   postcss: [
235 silly audit report     {
235 silly audit report       id: 1117015,
235 silly audit report       url: 'https://github.com/advisories/GHSA-qx2v-qp2m-jg93',
235 silly audit report       title: 'PostCSS has XSS via Unescaped </style> in its CSS Stringify Output',
235 silly audit report       severity: 'moderate',
235 silly audit report       vulnerable_versions: '<8.5.10',
235 silly audit report       cwe: [Array],
235 silly audit report       cvss: [Object]
235 silly audit report     }
235 silly audit report   ],
235 silly audit report   xlsx: [
235 silly audit report     {
235 silly audit report       id: 1108110,
235 silly audit report       url: 'https://github.com/advisories/GHSA-4r6h-8v6p-xvw6',
235 silly audit report       title: 'Prototype Pollution in sheetJS',
235 silly audit report       severity: 'high',
235 silly audit report       vulnerable_versions: '<0.19.3',
235 silly audit report       cwe: [Array],
235 silly audit report       cvss: [Object]
235 silly audit report     },
235 silly audit report     {
235 silly audit report       id: 1108111,
235 silly audit report       url: 'https://github.com/advisories/GHSA-5pgg-2g8v-p4x9',
235 silly audit report       title: 'SheetJS Regular Expression Denial of Service (ReDoS)',
235 silly audit report       severity: 'high',
235 silly audit report       vulnerable_versions: '<0.20.2',
235 silly audit report       cwe: [Array],
235 silly audit report       cvss: [Object]
235 silly audit report     }
235 silly audit report   ]
235 silly audit report }
236 silly packumentCache corgi:https://registry.npmjs.org/postcss cache-miss
237 silly packumentCache corgi:https://registry.npmjs.org/xlsx cache-miss
238 http fetch GET 200 https://registry.npmjs.org/postcss 26ms (cache revalidated)
239 silly packumentCache corgi:https://registry.npmjs.org/postcss set size:344717 disposed:false
240 http fetch GET 200 https://registry.npmjs.org/xlsx 28ms (cache revalidated)
241 silly packumentCache corgi:https://registry.npmjs.org/xlsx set size:134408 disposed:false
242 silly packumentCache corgi:https://registry.npmjs.org/next cache-miss
243 http fetch GET 200 https://registry.npmjs.org/next 58ms (cache revalidated)
244 silly packumentCache corgi:https://registry.npmjs.org/next set size:25025953 disposed:false
245 http fetch GET 200 https://registry.npmjs.org/@stablelib/base64/-/base64-1.0.1.tgz 625ms (cache miss)
246 silly ADD node_modules/fast-sha256
247 silly ADD node_modules/@stablelib/base64
248 silly ADD node_modules/standardwebhooks
249 silly ADD node_modules/svix
250 silly ADD node_modules/postal-mime
251 silly ADD node_modules/uzip
252 silly ADD node_modules/resend
253 silly ADD node_modules/browser-image-compression
254 silly ADD
255 silly ADD
256 silly ADD
257 silly ADD
258 silly ADD
259 silly ADD
260 silly ADD
261 silly ADD
262 silly ADD
263 silly ADD
264 silly ADD
265 silly ADD
266 silly ADD
267 silly ADD
268 silly ADD
269 silly ADD
270 silly ADD
271 silly ADD
272 silly ADD
273 silly ADD
274 silly ADD
275 silly ADD
276 silly ADD
277 silly ADD
278 silly ADD
279 silly ADD
280 silly ADD
281 silly ADD
282 silly ADD
283 silly ADD
284 silly ADD
285 silly ADD
286 silly ADD
287 silly ADD
288 silly ADD
289 silly ADD
290 silly ADD
291 silly ADD
292 silly ADD
293 silly ADD
294 silly ADD
295 silly ADD
296 silly ADD
297 silly ADD
298 silly ADD
299 silly ADD
300 silly ADD
301 silly ADD
302 silly ADD
303 silly ADD
304 silly ADD
305 silly ADD
306 silly ADD
307 silly ADD
308 silly ADD
309 silly ADD
310 silly ADD
311 silly ADD
312 silly ADD
313 silly ADD
314 silly ADD
315 silly ADD
316 silly ADD
317 silly ADD
318 silly ADD
319 silly ADD
320 silly ADD
321 silly ADD
322 silly ADD
323 silly ADD
324 silly ADD
325 verbose cwd /Users/sachingopalakrishnan/Downloads/REC RESULTS/rec-portal
326 verbose os Darwin 25.3.0
327 verbose node v22.17.0
328 verbose npm  v10.9.2
329 verbose exit 0
330 info ok
